android/app/build/intermediates/manifest_merge_blame_file/release/processReleaseMainManifest/manifest-merger-blame-release-report.txt
1<?xml version="1.0" encoding="utf-8"?>
2<manifest xmlns:android="http://schemas.android.com/apk/res/android"
3    package="com.example.ewasteforme"
4    android:versionCode="1"
5    android:versionName="1.0.0" >
6
7    <uses-sdk
8        android:minSdkVersion="21"
9        android:targetSdkVersion="34" />
10    <!--
11         Required to query activities that can process text, see:
12         https://developer.android.com/training/package-visibility and
13         https://developer.android.com/reference/android/content/Intent#ACTION_PROCESS_TEXT.
14
15         In particular, this is used by the Flutter engine in io.flutter.plugin.text.ProcessTextPlugin.
16    -->
17    <queries>
17-->src\main\AndroidManifest.xml:40:5-45:15
18        <intent>
18-->src\main\AndroidManifest.xml:41:9-44:18
19            <action android:name="android.intent.action.PROCESS_TEXT" />
19-->src\main\AndroidManifest.xml:42:13-72
19-->src\main\AndroidManifest.xml:42:21-70
20
21            <data android:mimeType="text/plain" />
21-->src\main\AndroidManifest.xml:43:13-50
21-->src\main\AndroidManifest.xml:43:19-48
22        </intent>
23    </queries>
24
25    <uses-permission android:name="android.permission.INTERNET" />
25-->[com.google.firebase:firebase-auth:22.3.1] AndroidManifest.xml:25:5-67
25-->[com.google.firebase:firebase-auth:22.3.1] AndroidManifest.xml:25:22-64
26    <uses-permission android:name="android.permission.ACCESS_NETWORK_STATE" />
26-->[com.google.firebase:firebase-auth:22.3.1] AndroidManifest.xml:26:5-79
26-->[com.google.firebase:firebase-auth:22.3.1] AndroidManifest.xml:26:22-76
27    <uses-permission android:name="android.permission.WAKE_LOCK" />
27-->[com.google.android.gms:play-services-measurement-api:21.6.1] AndroidManifest.xml:24:5-68
27-->[com.google.android.gms:play-services-measurement-api:21.6.1] AndroidManifest.xml:24:22-65
28    <uses-permission android:name="com.google.android.gms.permission.AD_ID" />
28-->[com.google.android.gms:play-services-measurement-api:21.6.1] AndroidManifest.xml:25:5-79
28-->[com.google.android.gms:play-services-measurement-api:21.6.1] AndroidManifest.xml:25:22-76
29    <uses-permission android:name="android.permission.ACCESS_ADSERVICES_ATTRIBUTION" />
29-->[com.google.android.gms:play-services-measurement-api:21.6.1] AndroidManifest.xml:26:5-88
29-->[com.google.android.gms:play-services-measurement-api:21.6.1] AndroidManifest.xml:26:22-85
30    <uses-permission android:name="android.permission.ACCESS_ADSERVICES_AD_ID" />
30-->[com.google.android.gms:play-services-measurement-api:21.6.1] AndroidManifest.xml:27:5-82
30-->[com.google.android.gms:play-services-measurement-api:21.6.1] AndroidManifest.xml:27:22-79
31    <uses-permission android:name="com.google.android.finsky.permission.BIND_GET_INSTALL_REFERRER_SERVICE" />
31-->[com.google.android.gms:play-services-measurement:21.6.1] AndroidManifest.xml:26:5-110
31-->[com.google.android.gms:play-services-measurement:21.6.1] AndroidManifest.xml:26:22-107
32    <uses-permission android:name="com.google.android.providers.gsf.permission.READ_GSERVICES" />
32-->[com.google.android.recaptcha:recaptcha:18.4.0] AndroidManifest.xml:9:5-98
32-->[com.google.android.recaptcha:recaptcha:18.4.0] AndroidManifest.xml:9:22-95
33
34    <permission
34-->[androidx.core:core:1.13.1] AndroidManifest.xml:22:5-24:47
35        android:name="com.example.ewasteforme.DYNAMIC_RECEIVER_NOT_EXPORTED_PERMISSION"
35-->[androidx.core:core:1.13.1] AndroidManifest.xml:23:9-81
36        android:protectionLevel="signature" />
36-->[androidx.core:core:1.13.1] AndroidManifest.xml:24:9-44
37
38    <uses-permission android:name="com.example.ewasteforme.DYNAMIC_RECEIVER_NOT_EXPORTED_PERMISSION" />
38-->[androidx.core:core:1.13.1] AndroidManifest.xml:26:5-97
38-->[androidx.core:core:1.13.1] AndroidManifest.xml:26:22-94
39
40    <application
41        android:name="android.app.Application"
41-->src\main\AndroidManifest.xml:4:9-42
42        android:appComponentFactory="androidx.core.app.CoreComponentFactory"
42-->[androidx.core:core:1.13.1] AndroidManifest.xml:28:18-86
43        android:extractNativeLibs="true"
44        android:icon="@mipmap/ic_launcher"
44-->src\main\AndroidManifest.xml:5:9-43
45        android:label="@string/app_name" >
45-->src\main\AndroidManifest.xml:3:9-41
46        <activity
46-->src\main\AndroidManifest.xml:7:9-28:20
47            android:name="com.example.ewasteforme.MainActivity"
47-->src\main\AndroidManifest.xml:8:13-41
48            android:configChanges="orientation|keyboardHidden|keyboard|screenSize|smallestScreenSize|locale|layoutDirection|fontScale|screenLayout|density|uiMode"
48-->src\main\AndroidManifest.xml:13:13-163
49            android:exported="true"
49-->src\main\AndroidManifest.xml:9:13-36
50            android:hardwareAccelerated="true"
50-->src\main\AndroidManifest.xml:14:13-47
51            android:launchMode="singleTop"
51-->src\main\AndroidManifest.xml:10:13-43
52            android:taskAffinity=""
52-->src\main\AndroidManifest.xml:11:13-36
53            android:theme="@style/LaunchTheme"
53-->src\main\AndroidManifest.xml:12:13-47
54            android:windowSoftInputMode="adjustResize" >
54-->src\main\AndroidManifest.xml:15:13-55
55
56            <!--
57                 Specifies an Android theme to apply to this Activity as soon as
58                 the Android process has started. This theme is visible to the user
59                 while the Flutter UI initializes. After that, this theme continues
60                 to determine the Window background behind the Flutter UI.
61            -->
62            <meta-data
62-->src\main\AndroidManifest.xml:20:13-23:17
63                android:name="io.flutter.embedding.android.NormalTheme"
63-->src\main\AndroidManifest.xml:21:15-70
64                android:resource="@style/NormalTheme" />
64-->src\main\AndroidManifest.xml:22:15-52
65
66            <intent-filter>
66-->src\main\AndroidManifest.xml:24:13-27:29
67                <action android:name="android.intent.action.MAIN" />
67-->src\main\AndroidManifest.xml:25:17-68
67-->src\main\AndroidManifest.xml:25:25-66
68
69                <category android:name="android.intent.category.LAUNCHER" />
69-->src\main\AndroidManifest.xml:26:17-76
69-->src\main\AndroidManifest.xml:26:27-74
70            </intent-filter>
71        </activity>
72        <!--
73             Don't delete the meta-data below.
74             This is used by the Flutter tool to generate GeneratedPluginRegistrant.java
75        -->
76        <meta-data
76-->src\main\AndroidManifest.xml:31:9-33:33
77            android:name="flutterEmbedding"
77-->src\main\AndroidManifest.xml:32:13-44
78            android:value="2" />
78-->src\main\AndroidManifest.xml:33:13-30
79
80        <service
80-->[:firebase_auth] AndroidManifest.xml:8:9-12:19
81            android:name="com.google.firebase.components.ComponentDiscoveryService"
81-->[:firebase_auth] AndroidManifest.xml:8:18-89
82            android:directBootAware="true"
82-->[com.google.firebase:firebase-common:20.4.3] AndroidManifest.xml:32:13-43
83            android:exported="false" >
83-->[com.google.firebase:firebase-auth:22.3.1] AndroidManifest.xml:68:13-37
84            <meta-data
84-->[:firebase_auth] AndroidManifest.xml:9:13-11:85
85                android:name="com.google.firebase.components:io.flutter.plugins.firebase.auth.FlutterFirebaseAuthRegistrar"
85-->[:firebase_auth] AndroidManifest.xml:10:17-124
86                android:value="com.google.firebase.components.ComponentRegistrar" />
86-->[:firebase_auth] AndroidManifest.xml:11:17-82
87            <meta-data
87-->[:cloud_firestore] AndroidManifest.xml:9:13-11:85
88                android:name="com.google.firebase.components:io.flutter.plugins.firebase.firestore.FlutterFirebaseFirestoreRegistrar"
88-->[:cloud_firestore] AndroidManifest.xml:10:17-134
89                android:value="com.google.firebase.components.ComponentRegistrar" />
89-->[:cloud_firestore] AndroidManifest.xml:11:17-82
90            <meta-data
90-->[:firebase_storage] AndroidManifest.xml:9:13-11:85
91                android:name="com.google.firebase.components:io.flutter.plugins.firebase.storage.FlutterFirebaseAppRegistrar"
91-->[:firebase_storage] AndroidManifest.xml:10:17-126
92                android:value="com.google.firebase.components.ComponentRegistrar" />
92-->[:firebase_storage] AndroidManifest.xml:11:17-82
93            <meta-data
93-->[:firebase_core] AndroidManifest.xml:9:13-11:85
94                android:name="com.google.firebase.components:io.flutter.plugins.firebase.core.FlutterFirebaseCoreRegistrar"
94-->[:firebase_core] AndroidManifest.xml:10:17-124
95                android:value="com.google.firebase.components.ComponentRegistrar" />
95-->[:firebase_core] AndroidManifest.xml:11:17-82
96            <meta-data
96-->[com.google.firebase:firebase-auth:22.3.1] AndroidManifest.xml:69:13-71:85
97                android:name="com.google.firebase.components:com.google.firebase.auth.FirebaseAuthRegistrar"
97-->[com.google.firebase:firebase-auth:22.3.1] AndroidManifest.xml:70:17-109
98                android:value="com.google.firebase.components.ComponentRegistrar" />
98-->[com.google.firebase:firebase-auth:22.3.1] AndroidManifest.xml:71:17-82
99            <meta-data
99-->[com.google.firebase:firebase-firestore:24.11.0] AndroidManifest.xml:17:13-19:85
100                android:name="com.google.firebase.components:com.google.firebase.firestore.FirebaseFirestoreKtxRegistrar"
100-->[com.google.firebase:firebase-firestore:24.11.0] AndroidManifest.xml:18:17-122
101                android:value="com.google.firebase.components.ComponentRegistrar" />
101-->[com.google.firebase:firebase-firestore:24.11.0] AndroidManifest.xml:19:17-82
102            <meta-data
102-->[com.google.firebase:firebase-firestore:24.11.0] AndroidManifest.xml:20:13-22:85
103                android:name="com.google.firebase.components:com.google.firebase.firestore.FirestoreRegistrar"
103-->[com.google.firebase:firebase-firestore:24.11.0] AndroidManifest.xml:21:17-111
104                android:value="com.google.firebase.components.ComponentRegistrar" />
104-->[com.google.firebase:firebase-firestore:24.11.0] AndroidManifest.xml:22:17-82
105            <meta-data
105-->[com.google.firebase:firebase-storage:20.3.0] AndroidManifest.xml:30:13-32:85
106                android:name="com.google.firebase.components:com.google.firebase.storage.FirebaseStorageKtxRegistrar"
106-->[com.google.firebase:firebase-storage:20.3.0] AndroidManifest.xml:31:17-118
107                android:value="com.google.firebase.components.ComponentRegistrar" />
107-->[com.google.firebase:firebase-storage:20.3.0] AndroidManifest.xml:32:17-82
108            <meta-data
108-->[com.google.firebase:firebase-storage:20.3.0] AndroidManifest.xml:33:13-35:85
109                android:name="com.google.firebase.components:com.google.firebase.storage.StorageRegistrar"
109-->[com.google.firebase:firebase-storage:20.3.0] AndroidManifest.xml:34:17-107
110                android:value="com.google.firebase.components.ComponentRegistrar" />
110-->[com.google.firebase:firebase-storage:20.3.0] AndroidManifest.xml:35:17-82
111            <meta-data
111-->[com.google.android.gms:play-services-measurement-api:21.6.1] AndroidManifest.xml:37:13-39:85
112                android:name="com.google.firebase.components:com.google.firebase.analytics.connector.internal.AnalyticsConnectorRegistrar"
112-->[com.google.android.gms:play-services-measurement-api:21.6.1] AndroidManifest.xml:38:17-139
113                android:value="com.google.firebase.components.ComponentRegistrar" />
113-->[com.google.android.gms:play-services-measurement-api:21.6.1] AndroidManifest.xml:39:17-82
114            <meta-data
114-->[com.google.firebase:firebase-appcheck:17.1.2] AndroidManifest.xml:25:13-27:85
115                android:name="com.google.firebase.components:com.google.firebase.appcheck.FirebaseAppCheckKtxRegistrar"
115-->[com.google.firebase:firebase-appcheck:17.1.2] AndroidManifest.xml:26:17-120
116                android:value="com.google.firebase.components.ComponentRegistrar" />
116-->[com.google.firebase:firebase-appcheck:17.1.2] AndroidManifest.xml:27:17-82
117            <meta-data
117-->[com.google.firebase:firebase-appcheck:17.1.2] AndroidManifest.xml:28:13-30:85
118                android:name="com.google.firebase.components:com.google.firebase.appcheck.FirebaseAppCheckRegistrar"
118-->[com.google.firebase:firebase-appcheck:17.1.2] AndroidManifest.xml:29:17-117
119                android:value="com.google.firebase.components.ComponentRegistrar" />
119-->[com.google.firebase:firebase-appcheck:17.1.2] AndroidManifest.xml:30:17-82
120            <meta-data
120-->[com.google.firebase:firebase-installations:17.2.0] AndroidManifest.xml:15:13-17:85
121                android:name="com.google.firebase.components:com.google.firebase.installations.FirebaseInstallationsKtxRegistrar"
121-->[com.google.firebase:firebase-installations:17.2.0] AndroidManifest.xml:16:17-130
122                android:value="com.google.firebase.components.ComponentRegistrar" />
122-->[com.google.firebase:firebase-installations:17.2.0] AndroidManifest.xml:17:17-82
123            <meta-data
123-->[com.google.firebase:firebase-installations:17.2.0] AndroidManifest.xml:18:13-20:85
124                android:name="com.google.firebase.components:com.google.firebase.installations.FirebaseInstallationsRegistrar"
124-->[com.google.firebase:firebase-installations:17.2.0] AndroidManifest.xml:19:17-127
125                android:value="com.google.firebase.components.ComponentRegistrar" />
125-->[com.google.firebase:firebase-installations:17.2.0] AndroidManifest.xml:20:17-82
126            <meta-data
126-->[com.google.firebase:firebase-common-ktx:20.4.3] AndroidManifest.xml:12:13-14:85
127                android:name="com.google.firebase.components:com.google.firebase.ktx.FirebaseCommonLegacyRegistrar"
127-->[com.google.firebase:firebase-common-ktx:20.4.3] AndroidManifest.xml:13:17-116
128                android:value="com.google.firebase.components.ComponentRegistrar" />
128-->[com.google.firebase:firebase-common-ktx:20.4.3] AndroidManifest.xml:14:17-82
129            <meta-data
129-->[com.google.firebase:firebase-common:20.4.3] AndroidManifest.xml:35:13-37:85
130                android:name="com.google.firebase.components:com.google.firebase.FirebaseCommonKtxRegistrar"
130-->[com.google.firebase:firebase-common:20.4.3] AndroidManifest.xml:36:17-109
131                android:value="com.google.firebase.components.ComponentRegistrar" />
131-->[com.google.firebase:firebase-common:20.4.3] AndroidManifest.xml:37:17-82
132        </service>
133
134        <activity
134-->[com.google.firebase:firebase-auth:22.3.1] AndroidManifest.xml:29:9-46:20
135            android:name="com.google.firebase.auth.internal.GenericIdpActivity"
135-->[com.google.firebase:firebase-auth:22.3.1] AndroidManifest.xml:30:13-80
136            android:excludeFromRecents="true"
136-->[com.google.firebase:firebase-auth:22.3.1] AndroidManifest.xml:31:13-46
137            android:exported="true"
137-->[com.google.firebase:firebase-auth:22.3.1] AndroidManifest.xml:32:13-36
138            android:launchMode="singleTask"
138-->[com.google.firebase:firebase-auth:22.3.1] AndroidManifest.xml:33:13-44
139            android:theme="@android:style/Theme.Translucent.NoTitleBar" >
139-->[com.google.firebase:firebase-auth:22.3.1] AndroidManifest.xml:34:13-72
140            <intent-filter>
140-->[com.google.firebase:firebase-auth:22.3.1] AndroidManifest.xml:35:13-45:29
141                <action android:name="android.intent.action.VIEW" />
141-->[com.google.firebase:firebase-auth:22.3.1] AndroidManifest.xml:36:17-69
141-->[com.google.firebase:firebase-auth:22.3.1] AndroidManifest.xml:36:25-66
142
143                <category android:name="android.intent.category.DEFAULT" />
143-->[com.google.firebase:firebase-auth:22.3.1] AndroidManifest.xml:38:17-76
143-->[com.google.firebase:firebase-auth:22.3.1] AndroidManifest.xml:38:27-73
144                <category android:name="android.intent.category.BROWSABLE" />
144-->[com.google.firebase:firebase-auth:22.3.1] AndroidManifest.xml:39:17-78
144-->[com.google.firebase:firebase-auth:22.3.1] AndroidManifest.xml:39:27-75
145
146                <data
146-->src\main\AndroidManifest.xml:43:13-50
147                    android:host="firebase.auth"
148                    android:path="/"
149                    android:scheme="genericidp" />
150            </intent-filter>
151        </activity>
152        <activity
152-->[com.google.firebase:firebase-auth:22.3.1] AndroidManifest.xml:47:9-64:20
153            android:name="com.google.firebase.auth.internal.RecaptchaActivity"
153-->[com.google.firebase:firebase-auth:22.3.1] AndroidManifest.xml:48:13-79
154            android:excludeFromRecents="true"
154-->[com.google.firebase:firebase-auth:22.3.1] AndroidManifest.xml:49:13-46
155            android:exported="true"
155-->[com.google.firebase:firebase-auth:22.3.1] AndroidManifest.xml:50:13-36
156            android:launchMode="singleTask"
156-->[com.google.firebase:firebase-auth:22.3.1] AndroidManifest.xml:51:13-44
157            android:theme="@android:style/Theme.Translucent.NoTitleBar" >
157-->[com.google.firebase:firebase-auth:22.3.1] AndroidManifest.xml:52:13-72
158            <intent-filter>
158-->[com.google.firebase:firebase-auth:22.3.1] AndroidManifest.xml:53:13-63:29
159                <action android:name="android.intent.action.VIEW" />
159-->[com.google.firebase:firebase-auth:22.3.1] AndroidManifest.xml:36:17-69
159-->[com.google.firebase:firebase-auth:22.3.1] AndroidManifest.xml:36:25-66
160
161                <category android:name="android.intent.category.DEFAULT" />
161-->[com.google.firebase:firebase-auth:22.3.1] AndroidManifest.xml:38:17-76
161-->[com.google.firebase:firebase-auth:22.3.1] AndroidManifest.xml:38:27-73
162                <category android:name="android.intent.category.BROWSABLE" />
162-->[com.google.firebase:firebase-auth:22.3.1] AndroidManifest.xml:39:17-78
162-->[com.google.firebase:firebase-auth:22.3.1] AndroidManifest.xml:39:27-75
163
164                <data
164-->src\main\AndroidManifest.xml:43:13-50
165                    android:host="firebase.auth"
166                    android:path="/"
167                    android:scheme="recaptcha" />
168            </intent-filter>
169        </activity>
170
171        <property
171-->[com.google.android.gms:play-services-measurement-api:21.6.1] AndroidManifest.xml:30:9-32:61
172            android:name="android.adservices.AD_SERVICES_CONFIG"
172-->[com.google.android.gms:play-services-measurement-api:21.6.1] AndroidManifest.xml:31:13-65
173            android:resource="@xml/ga_ad_services_config" />
173-->[com.google.android.gms:play-services-measurement-api:21.6.1] AndroidManifest.xml:32:13-58
174
175        <provider
175-->[:image_picker_android] AndroidManifest.xml:9:9-17:20
176            android:name="io.flutter.plugins.imagepicker.ImagePickerFileProvider"
176-->[:image_picker_android] AndroidManifest.xml:10:13-82
177            android:authorities="com.example.ewasteforme.flutter.image_provider"
177-->[:image_picker_android] AndroidManifest.xml:11:13-74
178            android:exported="false"
178-->[:image_picker_android] AndroidManifest.xml:12:13-37
179            android:grantUriPermissions="true" >
179-->[:image_picker_android] AndroidManifest.xml:13:13-47
180            <meta-data
180-->[:image_picker_android] AndroidManifest.xml:14:13-16:75
181                android:name="android.support.FILE_PROVIDER_PATHS"
181-->[:image_picker_android] AndroidManifest.xml:15:17-67
182                android:resource="@xml/flutter_image_picker_file_paths" />
182-->[:image_picker_android] AndroidManifest.xml:16:17-72
183        </provider> <!-- Trigger Google Play services to install the backported photo picker module. -->
184        <service
184-->[:image_picker_android] AndroidManifest.xml:19:9-31:19
185            android:name="com.google.android.gms.metadata.ModuleDependencies"
185-->[:image_picker_android] AndroidManifest.xml:20:13-78
186            android:enabled="false"
186-->[:image_picker_android] AndroidManifest.xml:21:13-36
187            android:exported="false" >
187-->[:image_picker_android] AndroidManifest.xml:22:13-37
188            <intent-filter>
188-->[:image_picker_android] AndroidManifest.xml:24:13-26:29
189                <action android:name="com.google.android.gms.metadata.MODULE_DEPENDENCIES" />
189-->[:image_picker_android] AndroidManifest.xml:25:17-94
189-->[:image_picker_android] AndroidManifest.xml:25:25-91
190            </intent-filter>
191
192            <meta-data
192-->[:image_picker_android] AndroidManifest.xml:28:13-30:36
193                android:name="photopicker_activity:0:required"
193-->[:image_picker_android] AndroidManifest.xml:29:17-63
194                android:value="" />
194-->[:image_picker_android] AndroidManifest.xml:30:17-33
195        </service>
196
197        <activity
197-->[:url_launcher_android] AndroidManifest.xml:8:9-11:74
198            android:name="io.flutter.plugins.urllauncher.WebViewActivity"
198-->[:url_launcher_android] AndroidManifest.xml:9:13-74
199            android:exported="false"
199-->[:url_launcher_android] AndroidManifest.xml:10:13-37
200            android:theme="@android:style/Theme.NoTitleBar.Fullscreen" />
200-->[:url_launcher_android] AndroidManifest.xml:11:13-71
201        <activity
201-->[com.google.android.gms:play-services-auth:21.0.0] AndroidManifest.xml:23:9-27:75
202            android:name="com.google.android.gms.auth.api.signin.internal.SignInHubActivity"
202-->[com.google.android.gms:play-services-auth:21.0.0] AndroidManifest.xml:24:13-93
203            android:excludeFromRecents="true"
203-->[com.google.android.gms:play-services-auth:21.0.0] AndroidManifest.xml:25:13-46
204            android:exported="false"
204-->[com.google.android.gms:play-services-auth:21.0.0] AndroidManifest.xml:26:13-37
205            android:theme="@android:style/Theme.Translucent.NoTitleBar" />
205-->[com.google.android.gms:play-services-auth:21.0.0] AndroidManifest.xml:27:13-72
206        <!--
207            Service handling Google Sign-In user revocation. For apps that do not integrate with
208            Google Sign-In, this service will never be started.
209        -->
210        <service
210-->[com.google.android.gms:play-services-auth:21.0.0] AndroidManifest.xml:33:9-37:51
211            android:name="com.google.android.gms.auth.api.signin.RevocationBoundService"
211-->[com.google.android.gms:play-services-auth:21.0.0] AndroidManifest.xml:34:13-89
212            android:exported="true"
212-->[com.google.android.gms:play-services-auth:21.0.0] AndroidManifest.xml:35:13-36
213            android:permission="com.google.android.gms.auth.api.signin.permission.REVOCATION_NOTIFICATION"
213-->[com.google.android.gms:play-services-auth:21.0.0] AndroidManifest.xml:36:13-107
214            android:visibleToInstantApps="true" />
214-->[com.google.android.gms:play-services-auth:21.0.0] AndroidManifest.xml:37:13-48
215
216        <provider
216-->[com.google.firebase:firebase-common:20.4.3] AndroidManifest.xml:23:9-28:39
217            android:name="com.google.firebase.provider.FirebaseInitProvider"
217-->[com.google.firebase:firebase-common:20.4.3] AndroidManifest.xml:24:13-77
218            android:authorities="com.example.ewasteforme.firebaseinitprovider"
218-->[com.google.firebase:firebase-common:20.4.3] AndroidManifest.xml:25:13-72
219            android:directBootAware="true"
219-->[com.google.firebase:firebase-common:20.4.3] AndroidManifest.xml:26:13-43
220            android:exported="false"
220-->[com.google.firebase:firebase-common:20.4.3] AndroidManifest.xml:27:13-37
221            android:initOrder="100" />
221-->[com.google.firebase:firebase-common:20.4.3] AndroidManifest.xml:28:13-36
222
223        <receiver
223-->[com.google.android.gms:play-services-measurement:21.6.1] AndroidManifest.xml:29:9-33:20
224            android:name="com.google.android.gms.measurement.AppMeasurementReceiver"
224-->[com.google.android.gms:play-services-measurement:21.6.1] AndroidManifest.xml:30:13-85
225            android:enabled="true"
225-->[com.google.android.gms:play-services-measurement:21.6.1] AndroidManifest.xml:31:13-35
226            android:exported="false" >
226-->[com.google.android.gms:play-services-measurement:21.6.1] AndroidManifest.xml:32:13-37
227        </receiver>
228
229        <service
229-->[com.google.android.gms:play-services-measurement:21.6.1] AndroidManifest.xml:35:9-38:40
230            android:name="com.google.android.gms.measurement.AppMeasurementService"
230-->[com.google.android.gms:play-services-measurement:21.6.1] AndroidManifest.xml:36:13-84
231            android:enabled="true"
231-->[com.google.android.gms:play-services-measurement:21.6.1] AndroidManifest.xml:37:13-35
232            android:exported="false" />
232-->[com.google.android.gms:play-services-measurement:21.6.1] AndroidManifest.xml:38:13-37
233        <service
233-->[com.google.android.gms:play-services-measurement:21.6.1] AndroidManifest.xml:39:9-43:72
234            android:name="com.google.android.gms.measurement.AppMeasurementJobService"
234-->[com.google.android.gms:play-services-measurement:21.6.1] AndroidManifest.xml:40:13-87
235            android:enabled="true"
235-->[com.google.android.gms:play-services-measurement:21.6.1] AndroidManifest.xml:41:13-35
236            android:exported="false"
236-->[com.google.android.gms:play-services-measurement:21.6.1] AndroidManifest.xml:42:13-37
237            android:permission="android.permission.BIND_JOB_SERVICE" />
237-->[com.google.android.gms:play-services-measurement:21.6.1] AndroidManifest.xml:43:13-69
238
239        <provider
239-->[androidx.lifecycle:lifecycle-process:2.7.0] AndroidManifest.xml:24:9-32:20
240            android:name="androidx.startup.InitializationProvider"
240-->[androidx.lifecycle:lifecycle-process:2.7.0] AndroidManifest.xml:25:13-67
241            android:authorities="com.example.ewasteforme.androidx-startup"
241-->[androidx.lifecycle:lifecycle-process:2.7.0] AndroidManifest.xml:26:13-68
242            android:exported="false" >
242-->[androidx.lifecycle:lifecycle-process:2.7.0] AndroidManifest.xml:27:13-37
243            <meta-data
243-->[androidx.lifecycle:lifecycle-process:2.7.0] AndroidManifest.xml:29:13-31:52
244                android:name="androidx.lifecycle.ProcessLifecycleInitializer"
244-->[androidx.lifecycle:lifecycle-process:2.7.0] AndroidManifest.xml:30:17-78
245                android:value="androidx.startup" />
245-->[androidx.lifecycle:lifecycle-process:2.7.0] AndroidManifest.xml:31:17-49
246            <meta-data
246-->[androidx.profileinstaller:profileinstaller:1.3.1] AndroidManifest.xml:29:13-31:52
247                android:name="androidx.profileinstaller.ProfileInstallerInitializer"
247-->[androidx.profileinstaller:profileinstaller:1.3.1] AndroidManifest.xml:30:17-85
248                android:value="androidx.startup" />
248-->[androidx.profileinstaller:profileinstaller:1.3.1] AndroidManifest.xml:31:17-49
249        </provider>
250
251        <uses-library
251-->[androidx.window:window:1.2.0] AndroidManifest.xml:23:9-25:40
252            android:name="androidx.window.extensions"
252-->[androidx.window:window:1.2.0] AndroidManifest.xml:24:13-54
253            android:required="false" />
253-->[androidx.window:window:1.2.0] AndroidManifest.xml:25:13-37
254        <uses-library
254-->[androidx.window:window:1.2.0] AndroidManifest.xml:26:9-28:40
255            android:name="androidx.window.sidecar"
255-->[androidx.window:window:1.2.0] AndroidManifest.xml:27:13-51
256            android:required="false" />
256-->[androidx.window:window:1.2.0] AndroidManifest.xml:28:13-37
257        <uses-library
257-->[androidx.privacysandbox.ads:ads-adservices:1.0.0-beta05] AndroidManifest.xml:23:9-25:40
258            android:name="android.ext.adservices"
258-->[androidx.privacysandbox.ads:ads-adservices:1.0.0-beta05] AndroidManifest.xml:24:13-50
259            android:required="false" />
259-->[androidx.privacysandbox.ads:ads-adservices:1.0.0-beta05] AndroidManifest.xml:25:13-37
260
261        <activity
261-->[com.google.android.gms:play-services-base:18.1.0] AndroidManifest.xml:20:9-22:45
262            android:name="com.google.android.gms.common.api.GoogleApiActivity"
262-->[com.google.android.gms:play-services-base:18.1.0] AndroidManifest.xml:20:19-85
263            android:exported="false"
263-->[com.google.android.gms:play-services-base:18.1.0] AndroidManifest.xml:22:19-43
264            android:theme="@android:style/Theme.Translucent.NoTitleBar" />
264-->[com.google.android.gms:play-services-base:18.1.0] AndroidManifest.xml:21:19-78
265
266        <meta-data
266-->[com.google.android.gms:play-services-basement:18.3.0] AndroidManifest.xml:21:9-23:69
267            android:name="com.google.android.gms.version"
267-->[com.google.android.gms:play-services-basement:18.3.0] AndroidManifest.xml:22:13-58
268            android:value="@integer/google_play_services_version" />
268-->[com.google.android.gms:play-services-basement:18.3.0] AndroidManifest.xml:23:13-66
269
270        <receiver
270-->[androidx.profileinstaller:profileinstaller:1.3.1] AndroidManifest.xml:34:9-52:20
271            android:name="androidx.profileinstaller.ProfileInstallReceiver"
271-->[androidx.profileinstaller:profileinstaller:1.3.1] AndroidManifest.xml:35:13-76
272            android:directBootAware="false"
272-->[androidx.profileinstaller:profileinstaller:1.3.1] AndroidManifest.xml:36:13-44
273            android:enabled="true"
273-->[androidx.profileinstaller:profileinstaller:1.3.1] AndroidManifest.xml:37:13-35
274            android:exported="true"
274-->[androidx.profileinstaller:profileinstaller:1.3.1] AndroidManifest.xml:38:13-36